[2024-07-24 15:22:27,206]137ERROR-Failed to open image: cannot identify image file <_io.BytesIO object at 0x0000027F27F06A20>
[2024-07-24 15:22:29,008]107ERROR-An error occurred in processing the video: axes don't match array
[2024-07-24 15:22:29,008]54ERROR-An error occurred in object detection: axes don't match array
[2024-07-24 15:22:29,582]137ERROR-Failed to open image: cannot identify image file <_io.BytesIO object at 0x0000027F20ECA890>
[2024-07-24 15:22:29,587]54ERROR-An error occurred in object detection: axes don't match array
[2024-07-24 15:22:29,587]107ERROR-An error occurred in processing the video: axes don't match array
[2024-07-24 15:22:30,045]137ERROR-Failed to open image: cannot identify image file <_io.BytesIO object at 0x0000027F2B3E59E0>
[2024-07-24 15:22:30,051]54ERROR-An error occurred in object detection: axes don't match array
[2024-07-24 15:22:30,052]107ERROR-An error occurred in processing the video: axes don't match array
[2024-07-24 15:22:35,566]137ERROR-Failed to open image: cannot identify image file <_io.BytesIO object at 0x0000027F3313D0D0>
[2024-07-24 15:22:35,573]54ERROR-An error occurred in object detection: axes don't match array
[2024-07-24 15:22:35,573]107ERROR-An error occurred in processing the video: axes don't match array
[2024-07-24 15:22:36,071]137ERROR-Failed to open image: cannot identify image file <_io.BytesIO object at 0x0000027F3313DF30>
[2024-07-24 15:22:36,076]54ERROR-An error occurred in object detection: axes don't match array
[2024-07-24 15:22:36,076]107ERROR-An error occurred in processing the video: axes don't match array
[2024-07-24 15:22:36,615]137ERROR-Failed to open image: cannot identify image file <_io.BytesIO object at 0x0000027F3313DA30>
[2024-07-24 15:22:36,638]54ERROR-An error occurred in object detection: axes don't match array
[2024-07-24 15:22:36,638]107ERROR-An error occurred in processing the video: axes don't match array
[2024-07-24 15:22:40,721]137ERROR-Failed to open image: cannot identify image file <_io.BytesIO object at 0x0000027F3313F470>
[2024-07-24 15:22:40,729]54ERROR-An error occurred in object detection: axes don't match array
[2024-07-24 15:22:40,729]107ERROR-An error occurred in processing the video: axes don't match array
[2024-07-24 15:22:42,349]137ERROR-Failed to open image: cannot identify image file <_io.BytesIO object at 0x0000027F3313FF60>
[2024-07-24 15:22:42,390]54ERROR-An error occurred in object detection: axes don't match array
[2024-07-24 15:22:42,390]107ERROR-An error occurred in processing the video: axes don't match array
[2024-07-24 15:22:43,019]137ERROR-Failed to open image: cannot identify image file <_io.BytesIO object at 0x0000027F33164540>
[2024-07-24 15:22:43,027]54ERROR-An error occurred in object detection: axes don't match array
[2024-07-24 15:22:43,028]107ERROR-An error occurred in processing the video: axes don't match array
[2024-07-24 15:22:43,531]137ERROR-Failed to open image: cannot identify image file <_io.BytesIO object at 0x0000027F33164DB0>
[2024-07-24 15:22:43,537]54ERROR-An error occurred in object detection: axes don't match array
[2024-07-24 15:22:43,537]107ERROR-An error occurred in processing the video: axes don't match array
[2024-07-24 15:22:44,371]137ERROR-Failed to open image: cannot identify image file <_io.BytesIO object at 0x0000027F33165A80>
[2024-07-24 15:22:44,376]54ERROR-An error occurred in object detection: axes don't match array
[2024-07-24 15:22:44,377]107ERROR-An error occurred in processing the video: axes don't match array
[2024-07-24 15:22:44,996]137ERROR-Failed to open image: cannot identify image file <_io.BytesIO object at 0x0000027F33165760>
[2024-07-24 15:22:45,016]54ERROR-An error occurred in object detection: axes don't match array
[2024-07-24 15:22:45,018]107ERROR-An error occurred in processing the video: axes don't match array
[2024-07-24 15:22:45,650]137ERROR-Failed to open image: cannot identify image file <_io.BytesIO object at 0x0000027F33164F40>
[2024-07-24 15:22:45,676]54ERROR-An error occurred in object detection: axes don't match array
[2024-07-24 15:22:45,678]107ERROR-An error occurred in processing the video: axes don't match array
[2024-07-24 15:22:46,478]137ERROR-Failed to open image: cannot identify image file <_io.BytesIO object at 0x0000027F331676F0>
[2024-07-24 15:22:46,492]54ERROR-An error occurred in object detection: axes don't match array
[2024-07-24 15:22:46,493]107ERROR-An error occurred in processing the video: axes don't match array
[2024-07-24 15:22:47,035]137ERROR-Failed to open image: cannot identify image file <_io.BytesIO object at 0x0000027F331AC3B0>
[2024-07-24 15:22:47,049]54ERROR-An error occurred in object detection: axes don't match array
[2024-07-24 15:22:47,050]107ERROR-An error occurred in processing the video: axes don't match array
[2024-07-24 15:22:47,942]137ERROR-Failed to open image: cannot identify image file <_io.BytesIO object at 0x0000027F331ACEF0>
[2024-07-24 15:22:47,958]54ERROR-An error occurred in object detection: axes don't match array
[2024-07-24 15:22:47,959]107ERROR-An error occurred in processing the video: axes don't match array
[2024-07-24 15:22:48,717]137ERROR-Failed to open image: cannot identify image file <_io.BytesIO object at 0x0000027F331AD990>
[2024-07-24 15:22:48,720]54ERROR-An error occurred in object detection: axes don't match array
[2024-07-24 15:22:48,722]107ERROR-An error occurred in processing the video: axes don't match array
[2024-07-24 15:22:49,267]137ERROR-Failed to open image: cannot identify image file <_io.BytesIO object at 0x0000027F331AC770>
[2024-07-24 15:22:49,282]54ERROR-An error occurred in object detection: axes don't match array
[2024-07-24 15:22:49,283]107ERROR-An error occurred in processing the video: axes don't match array
[2024-07-24 15:22:50,182]137ERROR-Failed to open image: cannot identify image file <_io.BytesIO object at 0x0000027F331AEC50>
[2024-07-24 15:22:50,189]54ERROR-An error occurred in object detection: axes don't match array
[2024-07-24 15:22:50,190]107ERROR-An error occurred in processing the video: axes don't match array
[2024-07-24 15:22:51,073]137ERROR-Failed to open image: cannot identify image file <_io.BytesIO object at 0x0000027F331AEF70>
[2024-07-24 15:22:51,078]54ERROR-An error occurred in object detection: axes don't match array
[2024-07-24 15:22:51,078]107ERROR-An error occurred in processing the video: axes don't match array
[2024-07-24 15:22:51,700]137ERROR-Failed to open image: cannot identify image file <_io.BytesIO object at 0x0000027F331E0540>
[2024-07-24 15:22:51,712]54ERROR-An error occurred in object detection: axes don't match array
[2024-07-24 15:22:51,713]107ERROR-An error occurred in processing the video: axes don't match array
[2024-07-24 15:22:52,347]137ERROR-Failed to open image: cannot identify image file <_io.BytesIO object at 0x0000027F331E0B30>
[2024-07-24 15:22:52,362]54ERROR-An error occurred in object detection: axes don't match array
[2024-07-24 15:22:52,371]107ERROR-An error occurred in processing the video: axes don't match array
[2024-07-24 15:22:52,896]137ERROR-Failed to open image: cannot identify image file <_io.BytesIO object at 0x0000027F331E0F40>
[2024-07-24 15:22:52,901]54ERROR-An error occurred in object detection: axes don't match array
[2024-07-24 15:22:52,902]107ERROR-An error occurred in processing the video: axes don't match array
[2024-07-24 15:22:53,554]137ERROR-Failed to open image: cannot identify image file <_io.BytesIO object at 0x0000027F331E2700>
[2024-07-24 15:22:53,570]54ERROR-An error occurred in object detection: axes don't match array
[2024-07-24 15:22:53,575]107ERROR-An error occurred in processing the video: axes don't match array
[2024-07-24 15:22:54,093]137ERROR-Failed to open image: cannot identify image file <_io.BytesIO object at 0x0000027F331E2700>
[2024-07-24 15:22:54,111]54ERROR-An error occurred in object detection: axes don't match array
[2024-07-24 15:22:54,112]107ERROR-An error occurred in processing the video: axes don't match array
[2024-07-24 15:22:54,666]137ERROR-Failed to open image: cannot identify image file <_io.BytesIO object at 0x0000027F331E1B70>
[2024-07-24 15:22:54,672]54ERROR-An error occurred in object detection: axes don't match array
[2024-07-24 15:22:54,672]107ERROR-An error occurred in processing the video: axes don't match array
[2024-07-24 15:22:55,483]137ERROR-Failed to open image: cannot identify image file <_io.BytesIO object at 0x0000027F35410400>
[2024-07-24 15:22:55,496]54ERROR-An error occurred in object detection: axes don't match array
[2024-07-24 15:22:55,496]107ERROR-An error occurred in processing the video: axes don't match array
[2024-07-24 15:22:56,247]137ERROR-Failed to open image: cannot identify image file <_io.BytesIO object at 0x0000027F354111C0>
[2024-07-24 15:22:56,252]54ERROR-An error occurred in object detection: axes don't match array
[2024-07-24 15:22:56,252]107ERROR-An error occurred in processing the video: axes don't match array
[2024-07-24 15:22:56,724]137ERROR-Failed to open image: cannot identify image file <_io.BytesIO object at 0x0000027F354118A0>
[2024-07-24 15:22:56,748]54ERROR-An error occurred in object detection: axes don't match array
[2024-07-24 15:22:56,748]107ERROR-An error occurred in processing the video: axes don't match array
[2024-07-24 15:22:57,445]137ERROR-Failed to open image: cannot identify image file <_io.BytesIO object at 0x0000027F354118A0>
[2024-07-24 15:22:57,453]54ERROR-An error occurred in object detection: axes don't match array
[2024-07-24 15:22:57,453]107ERROR-An error occurred in processing the video: axes don't match array
[2024-07-24 15:22:58,625]137ERROR-Failed to open image: cannot identify image file <_io.BytesIO object at 0x0000027F35412250>
[2024-07-24 15:22:58,640]54ERROR-An error occurred in object detection: axes don't match array
[2024-07-24 15:22:58,642]107ERROR-An error occurred in processing the video: axes don't match array
[2024-07-24 15:23:00,441]137ERROR-Failed to open image: cannot identify image file <_io.BytesIO object at 0x0000027F354118A0>
[2024-07-24 15:23:00,464]54ERROR-An error occurred in object detection: axes don't match array
[2024-07-24 15:23:00,466]107ERROR-An error occurred in processing the video: axes don't match array
[2024-07-24 15:23:01,752]137ERROR-Failed to open image: cannot identify image file <_io.BytesIO object at 0x0000027F35450E00>
[2024-07-24 15:23:01,766]54ERROR-An error occurred in object detection: axes don't match array
[2024-07-24 15:23:01,766]107ERROR-An error occurred in processing the video: axes don't match array
[2024-07-24 15:23:02,294]137ERROR-Failed to open image: cannot identify image file <_io.BytesIO object at 0x0000027F354511C0>
[2024-07-24 15:23:02,308]54ERROR-An error occurred in object detection: axes don't match array
[2024-07-24 15:23:02,309]107ERROR-An error occurred in processing the video: axes don't match array
[2024-07-24 15:23:03,168]137ERROR-Failed to open image: cannot identify image file <_io.BytesIO object at 0x0000027F35451B20>
[2024-07-24 15:23:03,178]54ERROR-An error occurred in object detection: axes don't match array
[2024-07-24 15:23:03,178]107ERROR-An error occurred in processing the video: axes don't match array
[2024-07-24 15:23:03,972]137ERROR-Failed to open image: cannot identify image file <_io.BytesIO object at 0x0000027F35452250>
[2024-07-24 15:23:03,984]54ERROR-An error occurred in object detection: axes don't match array
[2024-07-24 15:23:03,984]107ERROR-An error occurred in processing the video: axes don't match array
[2024-07-24 15:23:04,594]137ERROR-Failed to open image: cannot identify image file <_io.BytesIO object at 0x0000027F35452980>
[2024-07-24 15:23:04,608]54ERROR-An error occurred in object detection: axes don't match array
[2024-07-24 15:23:04,609]107ERROR-An error occurred in processing the video: axes don't match array
[2024-07-24 15:23:05,632]137ERROR-Failed to open image: cannot identify image file <_io.BytesIO object at 0x0000027F354536F0>
[2024-07-24 15:23:05,646]54ERROR-An error occurred in object detection: axes don't match array
[2024-07-24 15:23:05,646]107ERROR-An error occurred in processing the video: axes don't match array
[2024-07-24 15:23:06,238]137ERROR-Failed to open image: cannot identify image file <_io.BytesIO object at 0x0000027F3547C1D0>
[2024-07-24 15:23:06,242]54ERROR-An error occurred in object detection: axes don't match array
[2024-07-24 15:23:06,242]107ERROR-An error occurred in processing the video: axes don't match array
[2024-07-24 15:23:06,910]137ERROR-Failed to open image: cannot identify image file <_io.BytesIO object at 0x0000027F3547CA40>
[2024-07-24 15:23:06,924]54ERROR-An error occurred in object detection: axes don't match array
[2024-07-24 15:23:06,925]107ERROR-An error occurred in processing the video: axes don't match array
[2024-07-24 15:23:07,537]137ERROR-Failed to open image: cannot identify image file <_io.BytesIO object at 0x0000027F3547D490>
[2024-07-24 15:23:07,550]54ERROR-An error occurred in object detection: axes don't match array
[2024-07-24 15:23:07,552]107ERROR-An error occurred in processing the video: axes don't match array
[2024-07-24 15:23:08,106]137ERROR-Failed to open image: cannot identify image file <_io.BytesIO object at 0x0000027F3547D260>
[2024-07-24 15:23:08,113]54ERROR-An error occurred in object detection: axes don't match array
[2024-07-24 15:23:08,114]107ERROR-An error occurred in processing the video: axes don't match array
[2024-07-24 15:23:09,115]137ERROR-Failed to open image: cannot identify image file <_io.BytesIO object at 0x0000027F3547E930>
[2024-07-24 15:23:09,129]54ERROR-An error occurred in object detection: axes don't match array
[2024-07-24 15:23:09,130]107ERROR-An error occurred in processing the video: axes don't match array
[2024-07-24 15:23:09,883]137ERROR-Failed to open image: cannot identify image file <_io.BytesIO object at 0x0000027F3547E930>
[2024-07-24 15:23:09,895]54ERROR-An error occurred in object detection: axes don't match array
[2024-07-24 15:23:09,895]107ERROR-An error occurred in processing the video: axes don't match array
[2024-07-24 15:23:10,526]137ERROR-Failed to open image: cannot identify image file <_io.BytesIO object at 0x0000027F3547FF60>
[2024-07-24 15:23:10,540]54ERROR-An error occurred in object detection: axes don't match array
[2024-07-24 15:23:10,541]107ERROR-An error occurred in processing the video: axes don't match array
[2024-07-24 15:23:11,322]137ERROR-Failed to open image: cannot identify image file <_io.BytesIO object at 0x0000027F354B09A0>
[2024-07-24 15:23:11,327]54ERROR-An error occurred in object detection: axes don't match array
[2024-07-24 15:23:11,327]107ERROR-An error occurred in processing the video: axes don't match array
[2024-07-24 15:23:11,750]137ERROR-Failed to open image: cannot identify image file <_io.BytesIO object at 0x0000027F354B05E0>
[2024-07-24 15:23:11,775]54ERROR-An error occurred in object detection: axes don't match array
[2024-07-24 15:23:11,776]107ERROR-An error occurred in processing the video: axes don't match array
[2024-07-24 15:23:12,442]137ERROR-Failed to open image: cannot identify image file <_io.BytesIO object at 0x0000027F354B1D00>
[2024-07-24 15:23:12,459]54ERROR-An error occurred in object detection: axes don't match array
[2024-07-24 15:23:12,460]107ERROR-An error occurred in processing the video: axes don't match array
[2024-07-24 15:23:13,217]137ERROR-Failed to open image: cannot identify image file <_io.BytesIO object at 0x0000027F354B23E0>
[2024-07-24 15:23:13,223]54ERROR-An error occurred in object detection: axes don't match array
[2024-07-24 15:23:13,224]107ERROR-An error occurred in processing the video: axes don't match array
[2024-07-24 15:23:13,721]137ERROR-Failed to open image: cannot identify image file <_io.BytesIO object at 0x0000027F354B23E0>
[2024-07-24 15:23:13,724]54ERROR-An error occurred in object detection: axes don't match array
[2024-07-24 15:23:13,724]107ERROR-An error occurred in processing the video: axes don't match array
[2024-07-24 15:23:14,227]137ERROR-Failed to open image: cannot identify image file <_io.BytesIO object at 0x0000027F354B3C90>
[2024-07-24 15:23:14,232]54ERROR-An error occurred in object detection: axes don't match array
[2024-07-24 15:23:14,233]107ERROR-An error occurred in processing the video: axes don't match array
[2024-07-24 15:23:14,946]137ERROR-Failed to open image: cannot identify image file <_io.BytesIO object at 0x0000027F354F0400>
[2024-07-24 15:23:14,952]54ERROR-An error occurred in object detection: axes don't match array
[2024-07-24 15:23:14,952]107ERROR-An error occurred in processing the video: axes don't match array
[2024-07-24 15:23:15,559]137ERROR-Failed to open image: cannot identify image file <_io.BytesIO object at 0x0000027F354F10D0>
[2024-07-24 15:23:15,566]54ERROR-An error occurred in object detection: axes don't match array
[2024-07-24 15:23:15,567]107ERROR-An error occurred in processing the video: axes don't match array
[2024-07-24 15:23:16,016]137ERROR-Failed to open image: cannot identify image file <_io.BytesIO object at 0x0000027F354F0EA0>
[2024-07-24 15:23:16,023]54ERROR-An error occurred in object detection: axes don't match array
[2024-07-24 15:23:16,023]107ERROR-An error occurred in processing the video: axes don't match array
[2024-07-24 15:23:17,081]137ERROR-Failed to open image: cannot identify image file <_io.BytesIO object at 0x0000027F354F28E0>
[2024-07-24 15:23:17,088]54ERROR-An error occurred in object detection: axes don't match array
[2024-07-24 15:23:17,090]107ERROR-An error occurred in processing the video: axes don't match array
[2024-07-24 15:23:17,946]137ERROR-Failed to open image: cannot identify image file <_io.BytesIO object at 0x0000027F354F3330>
[2024-07-24 15:23:17,959]54ERROR-An error occurred in object detection: axes don't match array
[2024-07-24 15:23:17,959]107ERROR-An error occurred in processing the video: axes don't match array
[2024-07-24 15:23:18,564]137ERROR-Failed to open image: cannot identify image file <_io.BytesIO object at 0x0000027F354F3A60>
[2024-07-24 15:23:18,579]54ERROR-An error occurred in object detection: axes don't match array
[2024-07-24 15:23:18,579]107ERROR-An error occurred in processing the video: axes don't match array
[2024-07-24 15:23:19,363]137ERROR-Failed to open image: cannot identify image file <_io.BytesIO object at 0x0000027F35528540>
[2024-07-24 15:23:19,370]54ERROR-An error occurred in object detection: axes don't match array
[2024-07-24 15:23:19,370]107ERROR-An error occurred in processing the video: axes don't match array
[2024-07-24 15:23:33,334]137ERROR-Failed to open image: cannot identify image file <_io.BytesIO object at 0x0000027F35528540>
[2024-07-24 15:23:33,341]54ERROR-An error occurred in object detection: axes don't match array
[2024-07-24 15:23:33,343]107ERROR-An error occurred in processing the video: axes don't match array
[2024-07-24 15:23:46,786]205ERROR-WebSocket connection closed: (<CloseCode.ABNORMAL_CLOSURE: 1006>, None)
[2024-07-24 15:24:06,842]205ERROR-WebSocket connection closed: (<CloseCode.ABNORMAL_CLOSURE: 1006>, None)
[2024-07-24 15:24:06,854]205ERROR-WebSocket connection closed: (<CloseCode.ABNORMAL_CLOSURE: 1006>, None)
[2024-07-24 15:24:06,865]205ERROR-WebSocket connection closed: (<CloseCode.ABNORMAL_CLOSURE: 1006>, None)
[2024-07-24 15:24:06,877]205ERROR-WebSocket connection closed: (<CloseCode.ABNORMAL_CLOSURE: 1006>, None)
[2024-07-24 15:24:07,537]205ERROR-WebSocket connection closed: (<CloseCode.ABNORMAL_CLOSURE: 1006>, None)
[2024-07-24 15:24:07,548]205ERROR-WebSocket connection closed: (<CloseCode.ABNORMAL_CLOSURE: 1006>, None)
[2024-07-24 15:24:08,499]205ERROR-WebSocket connection closed: (<CloseCode.ABNORMAL_CLOSURE: 1006>, None)
[2024-07-24 15:24:08,511]205ERROR-WebSocket connection closed: (<CloseCode.ABNORMAL_CLOSURE: 1006>, None)
[2024-07-24 15:24:08,521]205ERROR-WebSocket connection closed: (<CloseCode.ABNORMAL_CLOSURE: 1006>, None)
[2024-07-24 15:24:08,531]205ERROR-WebSocket connection closed: (<CloseCode.ABNORMAL_CLOSURE: 1006>, None)
[2024-07-24 15:24:12,907]205ERROR-WebSocket connection closed: (<CloseCode.ABNORMAL_CLOSURE: 1006>, None)
[2024-07-24 15:24:12,978]205ERROR-WebSocket connection closed: (<CloseCode.ABNORMAL_CLOSURE: 1006>, None)
[2024-07-24 15:24:13,016]205ERROR-WebSocket connection closed: (<CloseCode.ABNORMAL_CLOSURE: 1006>, None)
[2024-07-24 15:24:13,057]205ERROR-WebSocket connection closed: (<CloseCode.ABNORMAL_CLOSURE: 1006>, None)
[2024-07-24 15:24:13,080]205ERROR-WebSocket connection closed: (<CloseCode.ABNORMAL_CLOSURE: 1006>, None)
[2024-07-24 15:24:13,106]205ERROR-WebSocket connection closed: (<CloseCode.ABNORMAL_CLOSURE: 1006>, None)
[2024-07-24 15:24:13,167]205ERROR-WebSocket connection closed: (<CloseCode.ABNORMAL_CLOSURE: 1006>, None)
[2024-07-24 15:24:13,214]205ERROR-WebSocket connection closed: (<CloseCode.ABNORMAL_CLOSURE: 1006>, None)
[2024-07-24 15:24:13,250]205ERROR-WebSocket connection closed: (<CloseCode.ABNORMAL_CLOSURE: 1006>, None)
[2024-07-24 15:24:13,268]205ERROR-WebSocket connection closed: (<CloseCode.ABNORMAL_CLOSURE: 1006>, None)
[2024-07-24 15:24:13,283]205ERROR-WebSocket connection closed: (<CloseCode.ABNORMAL_CLOSURE: 1006>, None)
[2024-07-24 15:24:13,297]205ERROR-WebSocket connection closed: (<CloseCode.ABNORMAL_CLOSURE: 1006>, None)
[2024-07-24 15:24:13,307]205ERROR-WebSocket connection closed: (<CloseCode.ABNORMAL_CLOSURE: 1006>, None)
[2024-07-24 15:24:13,323]205ERROR-WebSocket connection closed: (<CloseCode.ABNORMAL_CLOSURE: 1006>, None)
[2024-07-24 15:24:13,383]205ERROR-WebSocket connection closed: (<CloseCode.ABNORMAL_CLOSURE: 1006>, None)
[2024-07-24 15:24:13,396]205ERROR-WebSocket connection closed: (<CloseCode.ABNORMAL_CLOSURE: 1006>, None)
[2024-07-24 15:24:13,431]205ERROR-WebSocket connection closed: (<CloseCode.ABNORMAL_CLOSURE: 1006>, None)
[2024-07-24 15:24:13,440]205ERROR-WebSocket connection closed: (<CloseCode.ABNORMAL_CLOSURE: 1006>, None)
[2024-07-24 15:24:13,462]205ERROR-WebSocket connection closed: (<CloseCode.ABNORMAL_CLOSURE: 1006>, None)
[2024-07-24 15:24:13,492]205ERROR-WebSocket connection closed: (<CloseCode.ABNORMAL_CLOSURE: 1006>, None)
[2024-07-24 15:24:13,500]205ERROR-WebSocket connection closed: (<CloseCode.ABNORMAL_CLOSURE: 1006>, None)
[2024-07-24 15:24:13,557]205ERROR-WebSocket connection closed: (<CloseCode.ABNORMAL_CLOSURE: 1006>, None)
[2024-07-24 15:24:13,569]205ERROR-WebSocket connection closed: (<CloseCode.ABNORMAL_CLOSURE: 1006>, None)
[2024-07-24 15:24:13,578]205ERROR-WebSocket connection closed: (<CloseCode.ABNORMAL_CLOSURE: 1006>, None)
[2024-07-24 15:24:13,588]205ERROR-WebSocket connection closed: (<CloseCode.ABNORMAL_CLOSURE: 1006>, None)
[2024-07-24 15:24:13,597]205ERROR-WebSocket connection closed: (<CloseCode.ABNORMAL_CLOSURE: 1006>, None)
[2024-07-24 15:24:13,607]205ERROR-WebSocket connection closed: (<CloseCode.ABNORMAL_CLOSURE: 1006>, None)
[2024-07-24 15:24:13,618]205ERROR-WebSocket connection closed: (<CloseCode.ABNORMAL_CLOSURE: 1006>, None)
[2024-07-24 15:24:13,627]205ERROR-WebSocket connection closed: (<CloseCode.ABNORMAL_CLOSURE: 1006>, None)
[2024-07-24 15:24:13,634]205ERROR-WebSocket connection closed: (<CloseCode.ABNORMAL_CLOSURE: 1006>, None)
[2024-07-24 15:24:13,640]205ERROR-WebSocket connection closed: (<CloseCode.ABNORMAL_CLOSURE: 1006>, None)
[2024-07-24 15:24:13,646]205ERROR-WebSocket connection closed: (<CloseCode.ABNORMAL_CLOSURE: 1006>, None)
[2024-07-24 15:24:13,987]205ERROR-WebSocket connection closed: (<CloseCode.ABNORMAL_CLOSURE: 1006>, None)
[2024-07-24 15:24:14,181]205ERROR-WebSocket connection closed: (<CloseCode.ABNORMAL_CLOSURE: 1006>, None)
[2024-07-24 15:24:14,560]205ERROR-WebSocket connection closed: (<CloseCode.ABNORMAL_CLOSURE: 1006>, None)
[2024-07-24 15:24:14,842]205ERROR-WebSocket connection closed: (<CloseCode.ABNORMAL_CLOSURE: 1006>, None)
[2024-07-24 15:24:15,397]205ERROR-WebSocket connection closed: (<CloseCode.ABNORMAL_CLOSURE: 1006>, None)
[2024-07-24 15:24:15,478]205ERROR-WebSocket connection closed: (<CloseCode.ABNORMAL_CLOSURE: 1006>, None)
[2024-07-24 15:24:15,522]205ERROR-WebSocket connection closed: (<CloseCode.ABNORMAL_CLOSURE: 1006>, None)
[2024-07-24 15:24:15,893]205ERROR-WebSocket connection closed: (<CloseCode.ABNORMAL_CLOSURE: 1006>, None)
[2024-07-24 15:24:16,123]205ERROR-WebSocket connection closed: (<CloseCode.ABNORMAL_CLOSURE: 1006>, None)
[2024-07-24 15:24:16,135]205ERROR-WebSocket connection closed: (<CloseCode.ABNORMAL_CLOSURE: 1006>, None)
[2024-07-24 15:24:16,643]205ERROR-WebSocket connection closed: (<CloseCode.ABNORMAL_CLOSURE: 1006>, None)
[2024-07-24 15:24:16,658]205ERROR-WebSocket connection closed: (<CloseCode.ABNORMAL_CLOSURE: 1006>, None)
[2024-07-24 15:24:16,947]205ERROR-WebSocket connection closed: (<CloseCode.ABNORMAL_CLOSURE: 1006>, None)
[2024-07-24 15:24:17,469]205ERROR-WebSocket connection closed: (<CloseCode.ABNORMAL_CLOSURE: 1006>, None)
[2024-07-24 15:24:17,882]205ERROR-WebSocket connection closed: (<CloseCode.ABNORMAL_CLOSURE: 1006>, None)
[2024-07-24 15:24:18,460]205ERROR-WebSocket connection closed: (<CloseCode.ABNORMAL_CLOSURE: 1006>, None)
[2024-07-24 15:24:18,575]205ERROR-WebSocket connection closed: (<CloseCode.ABNORMAL_CLOSURE: 1006>, None)
